<?xml version="1.0" encoding="UTF-8"?>
<!-- Generated by org.testng.reporters.JUnitReportReporter -->
<testsuite hostname="LAPTOP-6I2ERQM6" failures="0" tests="2" name="test.Logintest" time="4.896" errors="0" timestamp="2022-09-20T17:29:35 IST" skipped="0">
  <testcase classname="test.Logintest" name="verifyButton" time="0.640"/>
  <system-out/>
  <testcase classname="test.Logintest" name="login" time="4.256"/>
  <system-out/>
</testsuite> <!-- test.Logintest -->
