<?xml version="1.0" encoding="UTF-8"?>
<!-- Generated by org.testng.reporters.JUnitReportReporter -->
<testsuite hostname="LAPTOP-6I2ERQM6" failures="0" tests="1" name="package1.TESTNG" time="0.007" errors="0" timestamp="2022-09-27T23:21:18 IST" skipped="0">
  <testcase classname="package1.TESTNG" name="test" time="0.007"/>
  <system-out/>
</testsuite> <!-- package1.TESTNG -->
